
                                                 
  Command "gmail:renew-watches" is not defined.  
                                                 

 Do you want to run "gmail:check-emails" instead?  (yes/no) [no]:
 > 
                                                 
  Command "gmail:renew-watches" is not defined.  
                                                 

 Do you want to run "gmail:check-emails" instead?  (yes/no) [no]:
 > 
                                                 
  Command "gmail:renew-watches" is not defined.  
                                                 

 Do you want to run "gmail:check-emails" instead?  (yes/no) [no]:
 > 
   ERROR  There are no commands defined in the "gmail" namespace.  


   ERROR  There are no commands defined in the "gmail" namespace.  


   ERROR  There are no commands defined in the "gmail" namespace.  


   ERROR  There are no commands defined in the "gmail" namespace.  


   ERROR  There are no commands defined in the "gmail" namespace.  


   ERROR  There are no commands defined in the "gmail" namespace.  

Starting Gmail watch renewal...
Found 0 user(s) with watches expiring within 24 hours.
No watches to renew.
Starting Gmail watch renewal...
Found 0 user(s) with watches expiring within 24 hours.
No watches to renew.
Starting Gmail watch renewal...
Found 0 user(s) with watches expiring within 24 hours.
No watches to renew.
Starting Gmail watch renewal...
Found 0 user(s) with watches expiring within 24 hours.
No watches to renew.
Starting Gmail watch renewal...
Found 0 user(s) with watches expiring within 24 hours.
No watches to renew.
Starting Gmail watch renewal...
Found 0 user(s) with watches expiring within 24 hours.
No watches to renew.
Starting Gmail watch renewal...

In Connection.php line 829:
                                                                               
  SQLSTATE[HY000] [2002] Network is unreachable (Connection: master, SQL: sel  
  ect `user_id` from `gmail_oauth_tokens` where `is_active` = 1 and (`watch_e  
  xpiration` is null or `watch_expiration` < 2026-01-23 02:00:03))             
                                                                               

In Connector.php line 65:
                                                 
  SQLSTATE[HY000] [2002] Network is unreachable  
                                                 

Starting Gmail watch renewal...
Found 2 user(s) with watches expiring within 24 hours.
Processing user: abhi2112mca@gmail.com (ID: 358)
  Current watch expires: 2026-01-23T13:55:51+00:00
  Watch renewed successfully. New expiration: 2026-01-30T02:00:02+00:00
Processing user: mailme@rohitwanchoo.com (ID: 73)
  Current watch expires: 2026-01-23T17:33:08+00:00
  Watch renewed successfully. New expiration: 2026-01-30T02:00:03+00:00

Gmail watch renewal completed.
Total watches renewed: 2
Starting Gmail watch renewal...
Found 0 user(s) with watches expiring within 24 hours.
No watches to renew.
Starting Gmail watch renewal...
Found 0 user(s) with watches expiring within 24 hours.
No watches to renew.
Starting Gmail watch renewal...
Found 0 user(s) with watches expiring within 24 hours.
No watches to renew.
Starting Gmail watch renewal...
Found 0 user(s) with watches expiring within 24 hours.
No watches to renew.
Starting Gmail watch renewal...
Found 0 user(s) with watches expiring within 24 hours.
No watches to renew.
Starting Gmail watch renewal...
Found 0 user(s) with watches expiring within 24 hours.
No watches to renew.
Starting Gmail watch renewal...
Found 2 user(s) with watches expiring within 24 hours.
Processing user: abhi2112mca@gmail.com (ID: 358)
  Current watch expires: 2026-01-30T02:00:02+00:00
  Watch renewed successfully. New expiration: 2026-02-06T02:00:03+00:00
Processing user: mailme@rohitwanchoo.com (ID: 73)
  Current watch expires: 2026-01-30T02:00:03+00:00
  Watch renewed successfully. New expiration: 2026-02-06T02:00:03+00:00

Gmail watch renewal completed.
Total watches renewed: 2
Starting Gmail watch renewal...
Found 0 user(s) with watches expiring within 24 hours.
No watches to renew.
Starting Gmail watch renewal...
Found 0 user(s) with watches expiring within 24 hours.
No watches to renew.
Starting Gmail watch renewal...
Found 0 user(s) with watches expiring within 24 hours.
No watches to renew.
Starting Gmail watch renewal...
Found 0 user(s) with watches expiring within 24 hours.
No watches to renew.
Starting Gmail watch renewal...
Found 0 user(s) with watches expiring within 24 hours.
No watches to renew.
Starting Gmail watch renewal...
Found 0 user(s) with watches expiring within 24 hours.
No watches to renew.
Starting Gmail watch renewal...
Found 2 user(s) with watches expiring within 24 hours.
Processing user: abhi2112mca@gmail.com (ID: 358)
  Current watch expires: 2026-02-06T02:00:03+00:00
  Watch renewed successfully. New expiration: 2026-02-13T02:00:03+00:00
Processing user: mailme@rohitwanchoo.com (ID: 73)
  Current watch expires: 2026-02-06T02:00:03+00:00
  Watch renewed successfully. New expiration: 2026-02-13T02:00:03+00:00

Gmail watch renewal completed.
Total watches renewed: 2
Starting Gmail watch renewal...
Found 0 user(s) with watches expiring within 24 hours.
No watches to renew.
Starting Gmail watch renewal...
Found 0 user(s) with watches expiring within 24 hours.
No watches to renew.
Starting Gmail watch renewal...
Found 0 user(s) with watches expiring within 24 hours.
No watches to renew.
Starting Gmail watch renewal...
Found 0 user(s) with watches expiring within 24 hours.
No watches to renew.
Starting Gmail watch renewal...
Found 0 user(s) with watches expiring within 24 hours.
No watches to renew.
Starting Gmail watch renewal...
Found 0 user(s) with watches expiring within 24 hours.
No watches to renew.
Starting Gmail watch renewal...
Found 2 user(s) with watches expiring within 24 hours.
Processing user: abhi2112mca@gmail.com (ID: 358)
  Current watch expires: 2026-02-13T02:00:03+00:00
  Watch renewed successfully. New expiration: 2026-02-20T02:00:03+00:00
Processing user: mailme@rohitwanchoo.com (ID: 73)
  Current watch expires: 2026-02-13T02:00:03+00:00
  Watch renewed successfully. New expiration: 2026-02-20T02:00:04+00:00

Gmail watch renewal completed.
Total watches renewed: 2
Starting Gmail watch renewal...
Found 0 user(s) with watches expiring within 24 hours.
No watches to renew.
Starting Gmail watch renewal...
Found 0 user(s) with watches expiring within 24 hours.
No watches to renew.
Starting Gmail watch renewal...
Found 0 user(s) with watches expiring within 24 hours.
No watches to renew.
Starting Gmail watch renewal...
Found 0 user(s) with watches expiring within 24 hours.
No watches to renew.
Starting Gmail watch renewal...
Found 0 user(s) with watches expiring within 24 hours.
No watches to renew.
Starting Gmail watch renewal...
Found 0 user(s) with watches expiring within 24 hours.
No watches to renew.
Starting Gmail watch renewal...
Found 2 user(s) with watches expiring within 24 hours.
Processing user: abhi2112mca@gmail.com (ID: 358)
  Current watch expires: 2026-02-20T02:00:03+00:00
  Watch renewed successfully. New expiration: 2026-02-27T02:00:02+00:00
Processing user: mailme@rohitwanchoo.com (ID: 73)
  Current watch expires: 2026-02-20T02:00:04+00:00
  Watch renewed successfully. New expiration: 2026-02-27T02:00:03+00:00

Gmail watch renewal completed.
Total watches renewed: 2
Starting Gmail watch renewal...
Found 0 user(s) with watches expiring within 24 hours.
No watches to renew.
Starting Gmail watch renewal...
Found 0 user(s) with watches expiring within 24 hours.
No watches to renew.
Starting Gmail watch renewal...
Found 0 user(s) with watches expiring within 24 hours.
No watches to renew.
Starting Gmail watch renewal...
Found 0 user(s) with watches expiring within 24 hours.
No watches to renew.
Starting Gmail watch renewal...
Found 0 user(s) with watches expiring within 24 hours.
No watches to renew.
Starting Gmail watch renewal...
Found 0 user(s) with watches expiring within 24 hours.
No watches to renew.
Starting Gmail watch renewal...
Found 2 user(s) with watches expiring within 24 hours.
Processing user: abhi2112mca@gmail.com (ID: 358)
  Current watch expires: 2026-02-27T02:00:02+00:00
  Watch renewed successfully. New expiration: 2026-03-06T02:00:03+00:00
Processing user: mailme@rohitwanchoo.com (ID: 73)
  Current watch expires: 2026-02-27T02:00:03+00:00
  Watch renewed successfully. New expiration: 2026-03-06T02:00:03+00:00

Gmail watch renewal completed.
Total watches renewed: 2
Starting Gmail watch renewal...
Found 0 user(s) with watches expiring within 24 hours.
No watches to renew.
Starting Gmail watch renewal...
Found 0 user(s) with watches expiring within 24 hours.
No watches to renew.
Starting Gmail watch renewal...
Found 0 user(s) with watches expiring within 24 hours.
No watches to renew.
Starting Gmail watch renewal...
Found 0 user(s) with watches expiring within 24 hours.
No watches to renew.
Starting Gmail watch renewal...
Found 0 user(s) with watches expiring within 24 hours.
No watches to renew.
Starting Gmail watch renewal...
Found 0 user(s) with watches expiring within 24 hours.
No watches to renew.
