PHP Fatal error:  Uncaught UnexpectedValueException: The stream or file "/var/log/cafmotel/test-backend.cli-2026-03-14.log" could not be opened in append mode: Failed to open stream: Permission denied
The exception occurred while attempting to log: The stream or file "/var/log/cafmotel/test-backend.cli-2026-03-14.log" could not be opened in append mode: Failed to open stream: Permission denied
The exception occurred while attempting to log: The stream or file "/var/log/cafmotel/test-backend.cli-2026-03-14.log" could not be opened in append mode: Failed to open stream: Permission denied
The exception occurred while attempting to log: Error while reading line from the server. [tls://ohio-keyvalue.render.com:6379]
Context: {"exception":{}}
Context: {"exception":{}}
Context: {"exception":{}} in /var/www/html/branch/dialer_backend_v2/vendor/monolog/monolog/src/Monolog/Handler/StreamHandler.php:156
Stack trace:
#0 /var/www/html/branch/dialer_backend_v2/vendor/monolog/monolog/src/Monolog/Handler/RotatingFileHandler.php(110): Monolog\Handler\StreamHandler->write()
#1 /var/www/html/branch/dialer_backend_v2/vendor/monolog/monolog/src/Monolog/Handler/AbstractProcessingHandler.php(44): Monolog\Handler\RotatingFileHandler->write()
#2 /var/www/html/branch/dialer_backend_v2/vendor/monolog/monolog/src/Monolog/Logger.php(391): Monolog\Handler\AbstractProcessingHandler->handle()
#3 /var/www/html/branch/dialer_backend_v2/vendor/monolog/monolog/src/Monolog/Logger.php(646): Monolog\Logger->addRecord()
#4 /var/www/html/branch/dialer_backend_v2/vendor/illuminate/log/Logger.php(184): Monolog\Logger->error()
#5 /var/www/html/branch/dialer_backend_v2/vendor/illuminate/log/Logger.php(97): Illuminate\Log\Logger->writeLog()
#6 /var/www/html/branch/dialer_backend_v2/vendor/illuminate/log/LogManager.php(681): Illuminate\Log\Logger->error()
#7 /var/www/html/branch/dialer_backend_v2/vendor/laravel/lumen-framework/src/Exceptions/Handler.php(61): Illuminate\Log\LogManager->error()
#8 /var/www/html/branch/dialer_backend_v2/app/Exceptions/Handler.php(42): Laravel\Lumen\Exceptions\Handler->report()
#9 /var/www/html/branch/dialer_backend_v2/vendor/laravel/lumen-framework/src/Concerns/RegistersExceptionHandlers.php(200): App\Exceptions\Handler->report()
#10 /var/www/html/branch/dialer_backend_v2/vendor/laravel/lumen-framework/src/Concerns/RegistersExceptionHandlers.php(51): Laravel\Lumen\Application->handleException()
#11 [internal function]: Laravel\Lumen\Application->Laravel\Lumen\Concerns\{closure}()
#12 {main}
  thrown in /var/www/html/branch/dialer_backend_v2/vendor/monolog/monolog/src/Monolog/Handler/StreamHandler.php on line 156
PHP Fatal error:  Uncaught UnexpectedValueException: The stream or file "/var/log/cafmotel/test-backend.cli-2026-03-14.log" could not be opened in append mode: Failed to open stream: Permission denied
The exception occurred while attempting to log: Uncaught UnexpectedValueException: The stream or file "/var/log/cafmotel/test-backend.cli-2026-03-14.log" could not be opened in append mode: Failed to open stream: Permission denied
The exception occurred while attempting to log: The stream or file "/var/log/cafmotel/test-backend.cli-2026-03-14.log" could not be opened in append mode: Failed to open stream: Permission denied
The exception occurred while attempting to log: The stream or file "/var/log/cafmotel/test-backend.cli-2026-03-14.log" could not be opened in append mode: Failed to open stream: Permission denied
The exception occurred while attempting to log: Error while reading line from the server. [tls://ohio-keyvalue.render.com:6379]
Context: {"exception":{}}
Context: {"exception":{}}
Context: {"exception":{}} in /var/www/html/branch/dialer_backend_v2/vendor/monolog/monolog/src/Monolog/Handler/StreamHandler.php:156
Stack trace:
#0 /var/www/html/branch/dialer_backend_v2/vendor/monolog/monolog/src/Monolog/Handler/RotatingFileHandler.php(110): Monolog\Handler\StreamHandler->write()
#1 /var/www/html/branch/dialer_backend_v2/vendor/monolog/monolog/src/Monolog/Handler/AbstractProcessingHandler.php(44): Monolog\Handler\RotatingFileHandler->write()
#2 /var/www/html/branch/dialer_backend_v2/vendor/monolog/monolog/src/Monolog/Logger.php(391): Monolog\Handler\AbstractProcessingHandler->handle()
#3 /var/www/html/branch/dialer_backend_v2/vendor/monolog/monolog/src/Monolog/Logger.php(646): Monolog\Logger->addRecord()
#4 /var/www/html/branch/dialer_backend_v2/vendor/illuminate/log/Logger.php(184): Monolog\Logger->error()
#5 /var/www/html/branch/dialer_backend_v2/vendor/illuminate/log/Logger.php(97): Illuminate\Log\Logger->writeLog()
#6 /var/www/html/branch/dialer_backend_v2/vendor/illuminate/log/LogManager.php(681): Illuminate\Log\Logger->error()
#7 /var/www/html/branch/dialer_backend_v2/vendor/laravel/lumen-framework/src/Exceptions/Handler.php(61): Illuminate\Log\LogManager->error()
#8 /var/www/html/branch/dialer_backend_v2/app/Exceptions/Handler.php(42): Laravel\Lumen\Exceptions\Handler->report()
#9 /var/www/html/branch/dialer_backend_v2/vendor/laravel/lumen-framework/src/Concerns/RegistersExceptionHandlers.php(200): App\Exceptions\Handler->report()
#10 /var/www/html/branch/dialer_backend_v2/vendor/laravel/lumen-framework/src/Concerns/RegistersExceptionHandlers.php(51): Laravel\Lumen\Application->handleException()
#11 [internal function]: Laravel\Lumen\Application->Laravel\Lumen\Concerns\{closure}()
#12 {main}
  thrown
Context: {"exception":{}} in /var/www/html/branch/dialer_backend_v2/vendor/monolog/monolog/src/Monolog/Handler/StreamHandler.php:156
Stack trace:
#0 /var/www/html/branch/dialer_backend_v2/vendor/monolog/monolog/src/Monolog/Handler/RotatingFileHandler.php(110): Monolog\Handler\StreamHandler->write()
#1 /var/www/html/branch/dialer_backend_v2/vendor/monolog/monolog/src/Monolog/Handler/AbstractProcessingHandler.php(44): Monolog\Handler\RotatingFileHandler->write()
#2 /var/www/html/branch/dialer_backend_v2/vendor/monolog/monolog/src/Monolog/Logger.php(391): Monolog\Handler\AbstractProcessingHandler->handle()
#3 /var/www/html/branch/dialer_backend_v2/vendor/monolog/monolog/src/Monolog/Logger.php(646): Monolog\Logger->addRecord()
#4 /var/www/html/branch/dialer_backend_v2/vendor/illuminate/log/Logger.php(184): Monolog\Logger->error()
#5 /var/www/html/branch/dialer_backend_v2/vendor/illuminate/log/Logger.php(97): Illuminate\Log\Logger->writeLog()
#6 /var/www/html/branch/dialer_backend_v2/vendor/illuminate/log/LogManager.php(681): Illuminate\Log\Logger->error()
#7 /var/www/html/branch/dialer_backend_v2/vendor/laravel/lumen-framework/src/Exceptions/Handler.php(61): Illuminate\Log\LogManager->error()
#8 /var/www/html/branch/dialer_backend_v2/app/Exceptions/Handler.php(42): Laravel\Lumen\Exceptions\Handler->report()
#9 /var/www/html/branch/dialer_backend_v2/vendor/laravel/lumen-framework/src/Concerns/RegistersExceptionHandlers.php(200): App\Exceptions\Handler->report()
#10 /var/www/html/branch/dialer_backend_v2/vendor/laravel/lumen-framework/src/Concerns/RegistersExceptionHandlers.php(137): Laravel\Lumen\Application->handleException()
#11 /var/www/html/branch/dialer_backend_v2/vendor/laravel/lumen-framework/src/Concerns/RegistersExceptionHandlers.php(55): Laravel\Lumen\Application->handleShutdown()
#12 [internal function]: Laravel\Lumen\Application->Laravel\Lumen\Concerns\{closure}()
#13 {main}
  thrown in /var/www/html/branch/dialer_backend_v2/vendor/monolog/monolog/src/Monolog/Handler/StreamHandler.php on line 156
PHP Fatal error:  Uncaught UnexpectedValueException: The stream or file "/var/log/cafmotel/test-backend.cli-2026-03-14.log" could not be opened in append mode: Failed to open stream: Permission denied
The exception occurred while attempting to log: The stream or file "/var/log/cafmotel/test-backend.cli-2026-03-14.log" could not be opened in append mode: Failed to open stream: Permission denied
The exception occurred while attempting to log: The stream or file "/var/log/cafmotel/test-backend.cli-2026-03-14.log" could not be opened in append mode: Failed to open stream: Permission denied
The exception occurred while attempting to log: Error while reading line from the server. [tls://ohio-keyvalue.render.com:6379]
Context: {"exception":{}}
Context: {"exception":{}}
Context: {"exception":{}} in /var/www/html/branch/dialer_backend_v2/vendor/monolog/monolog/src/Monolog/Handler/StreamHandler.php:156
Stack trace:
#0 /var/www/html/branch/dialer_backend_v2/vendor/monolog/monolog/src/Monolog/Handler/RotatingFileHandler.php(110): Monolog\Handler\StreamHandler->write()
#1 /var/www/html/branch/dialer_backend_v2/vendor/monolog/monolog/src/Monolog/Handler/AbstractProcessingHandler.php(44): Monolog\Handler\RotatingFileHandler->write()
#2 /var/www/html/branch/dialer_backend_v2/vendor/monolog/monolog/src/Monolog/Logger.php(391): Monolog\Handler\AbstractProcessingHandler->handle()
#3 /var/www/html/branch/dialer_backend_v2/vendor/monolog/monolog/src/Monolog/Logger.php(646): Monolog\Logger->addRecord()
#4 /var/www/html/branch/dialer_backend_v2/vendor/illuminate/log/Logger.php(184): Monolog\Logger->error()
#5 /var/www/html/branch/dialer_backend_v2/vendor/illuminate/log/Logger.php(97): Illuminate\Log\Logger->writeLog()
#6 /var/www/html/branch/dialer_backend_v2/vendor/illuminate/log/LogManager.php(681): Illuminate\Log\Logger->error()
#7 /var/www/html/branch/dialer_backend_v2/vendor/laravel/lumen-framework/src/Exceptions/Handler.php(61): Illuminate\Log\LogManager->error()
#8 /var/www/html/branch/dialer_backend_v2/app/Exceptions/Handler.php(42): Laravel\Lumen\Exceptions\Handler->report()
#9 /var/www/html/branch/dialer_backend_v2/vendor/laravel/lumen-framework/src/Concerns/RegistersExceptionHandlers.php(200): App\Exceptions\Handler->report()
#10 /var/www/html/branch/dialer_backend_v2/vendor/laravel/lumen-framework/src/Concerns/RegistersExceptionHandlers.php(51): Laravel\Lumen\Application->handleException()
#11 [internal function]: Laravel\Lumen\Application->Laravel\Lumen\Concerns\{closure}()
#12 {main}
  thrown in /var/www/html/branch/dialer_backend_v2/vendor/monolog/monolog/src/Monolog/Handler/StreamHandler.php on line 156
PHP Fatal error:  Uncaught UnexpectedValueException: The stream or file "/var/log/cafmotel/test-backend.cli-2026-03-14.log" could not be opened in append mode: Failed to open stream: Permission denied
The exception occurred while attempting to log: Uncaught UnexpectedValueException: The stream or file "/var/log/cafmotel/test-backend.cli-2026-03-14.log" could not be opened in append mode: Failed to open stream: Permission denied
The exception occurred while attempting to log: The stream or file "/var/log/cafmotel/test-backend.cli-2026-03-14.log" could not be opened in append mode: Failed to open stream: Permission denied
The exception occurred while attempting to log: The stream or file "/var/log/cafmotel/test-backend.cli-2026-03-14.log" could not be opened in append mode: Failed to open stream: Permission denied
The exception occurred while attempting to log: Error while reading line from the server. [tls://ohio-keyvalue.render.com:6379]
Context: {"exception":{}}
Context: {"exception":{}}
Context: {"exception":{}} in /var/www/html/branch/dialer_backend_v2/vendor/monolog/monolog/src/Monolog/Handler/StreamHandler.php:156
Stack trace:
#0 /var/www/html/branch/dialer_backend_v2/vendor/monolog/monolog/src/Monolog/Handler/RotatingFileHandler.php(110): Monolog\Handler\StreamHandler->write()
#1 /var/www/html/branch/dialer_backend_v2/vendor/monolog/monolog/src/Monolog/Handler/AbstractProcessingHandler.php(44): Monolog\Handler\RotatingFileHandler->write()
#2 /var/www/html/branch/dialer_backend_v2/vendor/monolog/monolog/src/Monolog/Logger.php(391): Monolog\Handler\AbstractProcessingHandler->handle()
#3 /var/www/html/branch/dialer_backend_v2/vendor/monolog/monolog/src/Monolog/Logger.php(646): Monolog\Logger->addRecord()
#4 /var/www/html/branch/dialer_backend_v2/vendor/illuminate/log/Logger.php(184): Monolog\Logger->error()
#5 /var/www/html/branch/dialer_backend_v2/vendor/illuminate/log/Logger.php(97): Illuminate\Log\Logger->writeLog()
#6 /var/www/html/branch/dialer_backend_v2/vendor/illuminate/log/LogManager.php(681): Illuminate\Log\Logger->error()
#7 /var/www/html/branch/dialer_backend_v2/vendor/laravel/lumen-framework/src/Exceptions/Handler.php(61): Illuminate\Log\LogManager->error()
#8 /var/www/html/branch/dialer_backend_v2/app/Exceptions/Handler.php(42): Laravel\Lumen\Exceptions\Handler->report()
#9 /var/www/html/branch/dialer_backend_v2/vendor/laravel/lumen-framework/src/Concerns/RegistersExceptionHandlers.php(200): App\Exceptions\Handler->report()
#10 /var/www/html/branch/dialer_backend_v2/vendor/laravel/lumen-framework/src/Concerns/RegistersExceptionHandlers.php(51): Laravel\Lumen\Application->handleException()
#11 [internal function]: Laravel\Lumen\Application->Laravel\Lumen\Concerns\{closure}()
#12 {main}
  thrown
Context: {"exception":{}} in /var/www/html/branch/dialer_backend_v2/vendor/monolog/monolog/src/Monolog/Handler/StreamHandler.php:156
Stack trace:
#0 /var/www/html/branch/dialer_backend_v2/vendor/monolog/monolog/src/Monolog/Handler/RotatingFileHandler.php(110): Monolog\Handler\StreamHandler->write()
#1 /var/www/html/branch/dialer_backend_v2/vendor/monolog/monolog/src/Monolog/Handler/AbstractProcessingHandler.php(44): Monolog\Handler\RotatingFileHandler->write()
#2 /var/www/html/branch/dialer_backend_v2/vendor/monolog/monolog/src/Monolog/Logger.php(391): Monolog\Handler\AbstractProcessingHandler->handle()
#3 /var/www/html/branch/dialer_backend_v2/vendor/monolog/monolog/src/Monolog/Logger.php(646): Monolog\Logger->addRecord()
#4 /var/www/html/branch/dialer_backend_v2/vendor/illuminate/log/Logger.php(184): Monolog\Logger->error()
#5 /var/www/html/branch/dialer_backend_v2/vendor/illuminate/log/Logger.php(97): Illuminate\Log\Logger->writeLog()
#6 /var/www/html/branch/dialer_backend_v2/vendor/illuminate/log/LogManager.php(681): Illuminate\Log\Logger->error()
#7 /var/www/html/branch/dialer_backend_v2/vendor/laravel/lumen-framework/src/Exceptions/Handler.php(61): Illuminate\Log\LogManager->error()
#8 /var/www/html/branch/dialer_backend_v2/app/Exceptions/Handler.php(42): Laravel\Lumen\Exceptions\Handler->report()
#9 /var/www/html/branch/dialer_backend_v2/vendor/laravel/lumen-framework/src/Concerns/RegistersExceptionHandlers.php(200): App\Exceptions\Handler->report()
#10 /var/www/html/branch/dialer_backend_v2/vendor/laravel/lumen-framework/src/Concerns/RegistersExceptionHandlers.php(137): Laravel\Lumen\Application->handleException()
#11 /var/www/html/branch/dialer_backend_v2/vendor/laravel/lumen-framework/src/Concerns/RegistersExceptionHandlers.php(55): Laravel\Lumen\Application->handleShutdown()
#12 [internal function]: Laravel\Lumen\Application->Laravel\Lumen\Concerns\{closure}()
#13 {main}
  thrown in /var/www/html/branch/dialer_backend_v2/vendor/monolog/monolog/src/Monolog/Handler/StreamHandler.php on line 156
PHP Fatal error:  Uncaught UnexpectedValueException: The stream or file "/var/log/cafmotel/test-backend.cli-2026-03-14.log" could not be opened in append mode: Failed to open stream: Permission denied
The exception occurred while attempting to log: The stream or file "/var/log/cafmotel/test-backend.cli-2026-03-14.log" could not be opened in append mode: Failed to open stream: Permission denied
The exception occurred while attempting to log: Error while reading line from the server. [tls://ohio-keyvalue.render.com:6379]
Context: {"exception":{}}
Context: {"exception":{}} in /var/www/html/branch/dialer_backend_v2/vendor/monolog/monolog/src/Monolog/Handler/StreamHandler.php:156
Stack trace:
#0 /var/www/html/branch/dialer_backend_v2/vendor/monolog/monolog/src/Monolog/Handler/RotatingFileHandler.php(110): Monolog\Handler\StreamHandler->write()
#1 /var/www/html/branch/dialer_backend_v2/vendor/monolog/monolog/src/Monolog/Handler/AbstractProcessingHandler.php(44): Monolog\Handler\RotatingFileHandler->write()
#2 /var/www/html/branch/dialer_backend_v2/vendor/monolog/monolog/src/Monolog/Logger.php(391): Monolog\Handler\AbstractProcessingHandler->handle()
#3 /var/www/html/branch/dialer_backend_v2/vendor/monolog/monolog/src/Monolog/Logger.php(646): Monolog\Logger->addRecord()
#4 /var/www/html/branch/dialer_backend_v2/vendor/illuminate/log/Logger.php(184): Monolog\Logger->error()
#5 /var/www/html/branch/dialer_backend_v2/vendor/illuminate/log/Logger.php(97): Illuminate\Log\Logger->writeLog()
#6 /var/www/html/branch/dialer_backend_v2/vendor/illuminate/log/LogManager.php(681): Illuminate\Log\Logger->error()
#7 /var/www/html/branch/dialer_backend_v2/vendor/laravel/lumen-framework/src/Exceptions/Handler.php(61): Illuminate\Log\LogManager->error()
#8 /var/www/html/branch/dialer_backend_v2/app/Exceptions/Handler.php(42): Laravel\Lumen\Exceptions\Handler->report()
#9 /var/www/html/branch/dialer_backend_v2/vendor/laravel/lumen-framework/src/Concerns/RegistersExceptionHandlers.php(200): App\Exceptions\Handler->report()
#10 /var/www/html/branch/dialer_backend_v2/vendor/laravel/lumen-framework/src/Concerns/RegistersExceptionHandlers.php(51): Laravel\Lumen\Application->handleException()
#11 [internal function]: Laravel\Lumen\Application->Laravel\Lumen\Concerns\{closure}()
#12 {main}
  thrown in /var/www/html/branch/dialer_backend_v2/vendor/monolog/monolog/src/Monolog/Handler/StreamHandler.php on line 156
PHP Fatal error:  Uncaught UnexpectedValueException: The stream or file "/var/log/cafmotel/test-backend.cli-2026-03-14.log" could not be opened in append mode: Failed to open stream: Permission denied
The exception occurred while attempting to log: Uncaught UnexpectedValueException: The stream or file "/var/log/cafmotel/test-backend.cli-2026-03-14.log" could not be opened in append mode: Failed to open stream: Permission denied
The exception occurred while attempting to log: The stream or file "/var/log/cafmotel/test-backend.cli-2026-03-14.log" could not be opened in append mode: Failed to open stream: Permission denied
The exception occurred while attempting to log: Error while reading line from the server. [tls://ohio-keyvalue.render.com:6379]
Context: {"exception":{}}
Context: {"exception":{}} in /var/www/html/branch/dialer_backend_v2/vendor/monolog/monolog/src/Monolog/Handler/StreamHandler.php:156
Stack trace:
#0 /var/www/html/branch/dialer_backend_v2/vendor/monolog/monolog/src/Monolog/Handler/RotatingFileHandler.php(110): Monolog\Handler\StreamHandler->write()
#1 /var/www/html/branch/dialer_backend_v2/vendor/monolog/monolog/src/Monolog/Handler/AbstractProcessingHandler.php(44): Monolog\Handler\RotatingFileHandler->write()
#2 /var/www/html/branch/dialer_backend_v2/vendor/monolog/monolog/src/Monolog/Logger.php(391): Monolog\Handler\AbstractProcessingHandler->handle()
#3 /var/www/html/branch/dialer_backend_v2/vendor/monolog/monolog/src/Monolog/Logger.php(646): Monolog\Logger->addRecord()
#4 /var/www/html/branch/dialer_backend_v2/vendor/illuminate/log/Logger.php(184): Monolog\Logger->error()
#5 /var/www/html/branch/dialer_backend_v2/vendor/illuminate/log/Logger.php(97): Illuminate\Log\Logger->writeLog()
#6 /var/www/html/branch/dialer_backend_v2/vendor/illuminate/log/LogManager.php(681): Illuminate\Log\Logger->error()
#7 /var/www/html/branch/dialer_backend_v2/vendor/laravel/lumen-framework/src/Exceptions/Handler.php(61): Illuminate\Log\LogManager->error()
#8 /var/www/html/branch/dialer_backend_v2/app/Exceptions/Handler.php(42): Laravel\Lumen\Exceptions\Handler->report()
#9 /var/www/html/branch/dialer_backend_v2/vendor/laravel/lumen-framework/src/Concerns/RegistersExceptionHandlers.php(200): App\Exceptions\Handler->report()
#10 /var/www/html/branch/dialer_backend_v2/vendor/laravel/lumen-framework/src/Concerns/RegistersExceptionHandlers.php(51): Laravel\Lumen\Application->handleException()
#11 [internal function]: Laravel\Lumen\Application->Laravel\Lumen\Concerns\{closure}()
#12 {main}
  thrown
Context: {"exception":{}} in /var/www/html/branch/dialer_backend_v2/vendor/monolog/monolog/src/Monolog/Handler/StreamHandler.php:156
Stack trace:
#0 /var/www/html/branch/dialer_backend_v2/vendor/monolog/monolog/src/Monolog/Handler/RotatingFileHandler.php(110): Monolog\Handler\StreamHandler->write()
#1 /var/www/html/branch/dialer_backend_v2/vendor/monolog/monolog/src/Monolog/Handler/AbstractProcessingHandler.php(44): Monolog\Handler\RotatingFileHandler->write()
#2 /var/www/html/branch/dialer_backend_v2/vendor/monolog/monolog/src/Monolog/Logger.php(391): Monolog\Handler\AbstractProcessingHandler->handle()
#3 /var/www/html/branch/dialer_backend_v2/vendor/monolog/monolog/src/Monolog/Logger.php(646): Monolog\Logger->addRecord()
#4 /var/www/html/branch/dialer_backend_v2/vendor/illuminate/log/Logger.php(184): Monolog\Logger->error()
#5 /var/www/html/branch/dialer_backend_v2/vendor/illuminate/log/Logger.php(97): Illuminate\Log\Logger->writeLog()
#6 /var/www/html/branch/dialer_backend_v2/vendor/illuminate/log/LogManager.php(681): Illuminate\Log\Logger->error()
#7 /var/www/html/branch/dialer_backend_v2/vendor/laravel/lumen-framework/src/Exceptions/Handler.php(61): Illuminate\Log\LogManager->error()
#8 /var/www/html/branch/dialer_backend_v2/app/Exceptions/Handler.php(42): Laravel\Lumen\Exceptions\Handler->report()
#9 /var/www/html/branch/dialer_backend_v2/vendor/laravel/lumen-framework/src/Concerns/RegistersExceptionHandlers.php(200): App\Exceptions\Handler->report()
#10 /var/www/html/branch/dialer_backend_v2/vendor/laravel/lumen-framework/src/Concerns/RegistersExceptionHandlers.php(137): Laravel\Lumen\Application->handleException()
#11 /var/www/html/branch/dialer_backend_v2/vendor/laravel/lumen-framework/src/Concerns/RegistersExceptionHandlers.php(55): Laravel\Lumen\Application->handleShutdown()
#12 [internal function]: Laravel\Lumen\Application->Laravel\Lumen\Concerns\{closure}()
#13 {main}
  thrown in /var/www/html/branch/dialer_backend_v2/vendor/monolog/monolog/src/Monolog/Handler/StreamHandler.php on line 156
